<?xml version="1.0" encoding="UTF-8"?>
<testsuite xmlns:xsi="http://www.w3.org/2001/XMLSchema-instance" xsi:noNamespaceSchemaLocation="https://maven.apache.org/surefire/maven-surefire-plugin/xsd/surefire-test-report.xsd" name="com.udacity.jdnd.course3.critter.CritterFunctionalTest" time="4.156" tests="9" errors="1" skipped="0" failures="1">
  <properties>
    <property name="java.specification.version" value="17"/>
    <property name="sun.jnu.encoding" value="UTF-8"/>
    <property name="java.class.path" value="/Users/shammaaas/Documents/java web dev/project 3/nd035-c3-data-stores-and-persistence-project-starter-master/starter/critter/target/test-classes:/Users/shammaaas/Documents/java web dev/project 3/nd035-c3-data-stores-and-persistence-project-starter-master/starter/critter/target/classes:/Users/shammaaas/.m2/repository/org/springframework/boot/spring-boot-starter-data-jdbc/2.2.2.RELEASE/spring-boot-starter-data-jdbc-2.2.2.RELEASE.jar:/Users/shammaaas/.m2/repository/org/springframework/boot/spring-boot-starter-jdbc/2.2.2.RELEASE/spring-boot-starter-jdbc-2.2.2.RELEASE.jar:/Users/shammaaas/.m2/repository/com/zaxxer/HikariCP/3.4.1/HikariCP-3.4.1.jar:/Users/shammaaas/.m2/repository/org/springframework/spring-jdbc/5.2.2.RELEASE/spring-jdbc-5.2.2.RELEASE.jar:/Users/shammaaas/.m2/repository/org/springframework/data/spring-data-jdbc/1.1.3.RELEASE/spring-data-jdbc-1.1.3.RELEASE.jar:/Users/shammaaas/.m2/repository/org/springframework/data/spring-data-relational/1.1.3.RELEASE/spring-data-relational-1.1.3.RELEASE.jar:/Users/shammaaas/.m2/repository/org/springframework/data/spring-data-commons/2.2.3.RELEASE/spring-data-commons-2.2.3.RELEASE.jar:/Users/shammaaas/.m2/repository/org/springframework/spring-tx/5.2.2.RELEASE/spring-tx-5.2.2.RELEASE.jar:/Users/shammaaas/.m2/repository/org/springframework/spring-context/5.2.2.RELEASE/spring-context-5.2.2.RELEASE.jar:/Users/shammaaas/.m2/repository/org/springframework/spring-beans/5.2.2.RELEASE/spring-beans-5.2.2.RELEASE.jar:/Users/shammaaas/.m2/repository/org/slf4j/slf4j-api/1.7.29/slf4j-api-1.7.29.jar:/Users/shammaaas/.m2/repository/org/springframework/boot/spring-boot-starter-data-jpa/2.2.2.RELEASE/spring-boot-starter-data-jpa-2.2.2.RELEASE.jar:/Users/shammaaas/.m2/repository/org/springframework/boot/spring-boot-starter-aop/2.2.2.RELEASE/spring-boot-starter-aop-2.2.2.RELEASE.jar:/Users/shammaaas/.m2/repository/org/springframework/spring-aop/5.2.2.RELEASE/spring-aop-5.2.2.RELEASE.jar:/Users/shammaaas/.m2/repository/org/aspectj/aspectjweaver/1.9.5/aspectjweaver-1.9.5.jar:/Users/shammaaas/.m2/repository/jakarta/activation/jakarta.activation-api/1.2.1/jakarta.activation-api-1.2.1.jar:/Users/shammaaas/.m2/repository/jakarta/persistence/jakarta.persistence-api/2.2.3/jakarta.persistence-api-2.2.3.jar:/Users/shammaaas/.m2/repository/jakarta/transaction/jakarta.transaction-api/1.3.3/jakarta.transaction-api-1.3.3.jar:/Users/shammaaas/.m2/repository/org/hibernate/hibernate-core/5.4.9.Final/hibernate-core-5.4.9.Final.jar:/Users/shammaaas/.m2/repository/org/jboss/logging/jboss-logging/3.4.1.Final/jboss-logging-3.4.1.Final.jar:/Users/shammaaas/.m2/repository/org/javassist/javassist/3.24.0-GA/javassist-3.24.0-GA.jar:/Users/shammaaas/.m2/repository/net/bytebuddy/byte-buddy/1.10.4/byte-buddy-1.10.4.jar:/Users/shammaaas/.m2/repository/antlr/antlr/2.7.7/antlr-2.7.7.jar:/Users/shammaaas/.m2/repository/org/jboss/jandex/2.1.1.Final/jandex-2.1.1.Final.jar:/Users/shammaaas/.m2/repository/com/fasterxml/classmate/1.5.1/classmate-1.5.1.jar:/Users/shammaaas/.m2/repository/org/dom4j/dom4j/2.1.1/dom4j-2.1.1.jar:/Users/shammaaas/.m2/repository/org/hibernate/common/hibernate-commons-annotations/5.1.0.Final/hibernate-commons-annotations-5.1.0.Final.jar:/Users/shammaaas/.m2/repository/org/glassfish/jaxb/jaxb-runtime/2.3.2/jaxb-runtime-2.3.2.jar:/Users/shammaaas/.m2/repository/org/glassfish/jaxb/txw2/2.3.2/txw2-2.3.2.jar:/Users/shammaaas/.m2/repository/com/sun/istack/istack-commons-runtime/3.0.8/istack-commons-runtime-3.0.8.jar:/Users/shammaaas/.m2/repository/org/jvnet/staxex/stax-ex/1.8.1/stax-ex-1.8.1.jar:/Users/shammaaas/.m2/repository/com/sun/xml/fastinfoset/FastInfoset/1.2.16/FastInfoset-1.2.16.jar:/Users/shammaaas/.m2/repository/org/springframework/data/spring-data-jpa/2.2.3.RELEASE/spring-data-jpa-2.2.3.RELEASE.jar:/Users/shammaaas/.m2/repository/org/springframework/spring-orm/5.2.2.RELEASE/spring-orm-5.2.2.RELEASE.jar:/Users/shammaaas/.m2/repository/org/springframework/spring-aspects/5.2.2.RELEASE/spring-aspects-5.2.2.RELEASE.jar:/Users/shammaaas/.m2/repository/org/modelmapper/extensions/modelmapper-spring/2.4.1/modelmapper-spring-2.4.1.jar:/Users/shammaaas/.m2/repository/org/modelmapper/modelmapper/2.4.1/modelmapper-2.4.1.jar:/Users/shammaaas/.m2/repository/org/springframework/boot/spring-boot-starter-web/2.2.2.RELEASE/spring-boot-starter-web-2.2.2.RELEASE.jar:/Users/shammaaas/.m2/repository/org/springframework/boot/spring-boot-starter/2.2.2.RELEASE/spring-boot-starter-2.2.2.RELEASE.jar:/Users/shammaaas/.m2/repository/org/springframework/boot/spring-boot/2.2.2.RELEASE/spring-boot-2.2.2.RELEASE.jar:/Users/shammaaas/.m2/repository/org/springframework/boot/spring-boot-autoconfigure/2.2.2.RELEASE/spring-boot-autoconfigure-2.2.2.RELEASE.jar:/Users/shammaaas/.m2/repository/org/springframework/boot/spring-boot-starter-logging/2.2.2.RELEASE/spring-boot-starter-logging-2.2.2.RELEASE.jar:/Users/shammaaas/.m2/repository/ch/qos/logback/logback-classic/1.2.3/logback-classic-1.2.3.jar:/Users/shammaaas/.m2/repository/ch/qos/logback/logback-core/1.2.3/logback-core-1.2.3.jar:/Users/shammaaas/.m2/repository/org/apache/logging/log4j/log4j-to-slf4j/2.12.1/log4j-to-slf4j-2.12.1.jar:/Users/shammaaas/.m2/repository/org/apache/logging/log4j/log4j-api/2.12.1/log4j-api-2.12.1.jar:/Users/shammaaas/.m2/repository/org/slf4j/jul-to-slf4j/1.7.29/jul-to-slf4j-1.7.29.jar:/Users/shammaaas/.m2/repository/jakarta/annotation/jakarta.annotation-api/1.3.5/jakarta.annotation-api-1.3.5.jar:/Users/shammaaas/.m2/repository/org/yaml/snakeyaml/1.25/snakeyaml-1.25.jar:/Users/shammaaas/.m2/repository/org/springframework/boot/spring-boot-starter-json/2.2.2.RELEASE/spring-boot-starter-json-2.2.2.RELEASE.jar:/Users/shammaaas/.m2/repository/com/fasterxml/jackson/core/jackson-databind/2.10.1/jackson-databind-2.10.1.jar:/Users/shammaaas/.m2/repository/com/fasterxml/jackson/core/jackson-annotations/2.10.1/jackson-annotations-2.10.1.jar:/Users/shammaaas/.m2/repository/com/fasterxml/jackson/core/jackson-core/2.10.1/jackson-core-2.10.1.jar:/Users/shammaaas/.m2/repository/com/fasterxml/jackson/datatype/jackson-datatype-jdk8/2.10.1/jackson-datatype-jdk8-2.10.1.jar:/Users/shammaaas/.m2/repository/com/fasterxml/jackson/datatype/jackson-datatype-jsr310/2.10.1/jackson-datatype-jsr310-2.10.1.jar:/Users/shammaaas/.m2/repository/com/fasterxml/jackson/module/jackson-module-parameter-names/2.10.1/jackson-module-parameter-names-2.10.1.jar:/Users/shammaaas/.m2/repository/org/springframework/boot/spring-boot-starter-tomcat/2.2.2.RELEASE/spring-boot-starter-tomcat-2.2.2.RELEASE.jar:/Users/shammaaas/.m2/repository/org/apache/tomcat/embed/tomcat-embed-core/9.0.29/tomcat-embed-core-9.0.29.jar:/Users/shammaaas/.m2/repository/org/apache/tomcat/embed/tomcat-embed-el/9.0.29/tomcat-embed-el-9.0.29.jar:/Users/shammaaas/.m2/repository/org/apache/tomcat/embed/tomcat-embed-websocket/9.0.29/tomcat-embed-websocket-9.0.29.jar:/Users/shammaaas/.m2/repository/org/springframework/boot/spring-boot-starter-validation/2.2.2.RELEASE/spring-boot-starter-validation-2.2.2.RELEASE.jar:/Users/shammaaas/.m2/repository/jakarta/validation/jakarta.validation-api/2.0.1/jakarta.validation-api-2.0.1.jar:/Users/shammaaas/.m2/repository/org/hibernate/validator/hibernate-validator/6.0.18.Final/hibernate-validator-6.0.18.Final.jar:/Users/shammaaas/.m2/repository/org/springframework/spring-web/5.2.2.RELEASE/spring-web-5.2.2.RELEASE.jar:/Users/shammaaas/.m2/repository/org/springframework/spring-webmvc/5.2.2.RELEASE/spring-webmvc-5.2.2.RELEASE.jar:/Users/shammaaas/.m2/repository/org/springframework/spring-expression/5.2.2.RELEASE/spring-expression-5.2.2.RELEASE.jar:/Users/shammaaas/.m2/repository/org/projectlombok/lombok/1.18.20/lombok-1.18.20.jar:/Users/shammaaas/.m2/repository/mysql/mysql-connector-java/8.0.23/mysql-connector-java-8.0.23.jar:/Users/shammaaas/.m2/repository/com/google/guava/guava/28.1-jre/guava-28.1-jre.jar:/Users/shammaaas/.m2/repository/com/google/guava/failureaccess/1.0.1/failureaccess-1.0.1.jar:/Users/shammaaas/.m2/repository/com/google/guava/listenablefuture/9999.0-empty-to-avoid-conflict-with-guava/listenablefuture-9999.0-empty-to-avoid-conflict-with-guava.jar:/Users/shammaaas/.m2/repository/com/google/code/findbugs/jsr305/3.0.2/jsr305-3.0.2.jar:/Users/shammaaas/.m2/repository/org/checkerframework/checker-qual/2.8.1/checker-qual-2.8.1.jar:/Users/shammaaas/.m2/repository/com/google/errorprone/error_prone_annotations/2.3.2/error_prone_annotations-2.3.2.jar:/Users/shammaaas/.m2/repository/com/google/j2objc/j2objc-annotations/1.3/j2objc-annotations-1.3.jar:/Users/shammaaas/.m2/repository/org/codehaus/mojo/animal-sniffer-annotations/1.18/animal-sniffer-annotations-1.18.jar:/Users/shammaaas/.m2/repository/org/springframework/boot/spring-boot-starter-test/2.2.2.RELEASE/spring-boot-starter-test-2.2.2.RELEASE.jar:/Users/shammaaas/.m2/repository/org/springframework/boot/spring-boot-test/2.2.2.RELEASE/spring-boot-test-2.2.2.RELEASE.jar:/Users/shammaaas/.m2/repository/org/springframework/boot/spring-boot-test-autoconfigure/2.2.2.RELEASE/spring-boot-test-autoconfigure-2.2.2.RELEASE.jar:/Users/shammaaas/.m2/repository/com/jayway/jsonpath/json-path/2.4.0/json-path-2.4.0.jar:/Users/shammaaas/.m2/repository/net/minidev/json-smart/2.3/json-smart-2.3.jar:/Users/shammaaas/.m2/repository/net/minidev/accessors-smart/1.2/accessors-smart-1.2.jar:/Users/shammaaas/.m2/repository/org/ow2/asm/asm/5.0.4/asm-5.0.4.jar:/Users/shammaaas/.m2/repository/jakarta/xml/bind/jakarta.xml.bind-api/2.3.2/jakarta.xml.bind-api-2.3.2.jar:/Users/shammaaas/.m2/repository/org/junit/jupiter/junit-jupiter/5.5.2/junit-jupiter-5.5.2.jar:/Users/shammaaas/.m2/repository/org/junit/jupiter/junit-jupiter-api/5.5.2/junit-jupiter-api-5.5.2.jar:/Users/shammaaas/.m2/repository/org/opentest4j/opentest4j/1.2.0/opentest4j-1.2.0.jar:/Users/shammaaas/.m2/repository/org/junit/platform/junit-platform-commons/1.5.2/junit-platform-commons-1.5.2.jar:/Users/shammaaas/.m2/repository/org/junit/jupiter/junit-jupiter-params/5.5.2/junit-jupiter-params-5.5.2.jar:/Users/shammaaas/.m2/repository/org/junit/jupiter/junit-jupiter-engine/5.5.2/junit-jupiter-engine-5.5.2.jar:/Users/shammaaas/.m2/repository/org/junit/vintage/junit-vintage-engine/5.5.2/junit-vintage-engine-5.5.2.jar:/Users/shammaaas/.m2/repository/org/apiguardian/apiguardian-api/1.1.0/apiguardian-api-1.1.0.jar:/Users/shammaaas/.m2/repository/org/junit/platform/junit-platform-engine/1.5.2/junit-platform-engine-1.5.2.jar:/Users/shammaaas/.m2/repository/junit/junit/4.12/junit-4.12.jar:/Users/shammaaas/.m2/repository/org/mockito/mockito-junit-jupiter/3.1.0/mockito-junit-jupiter-3.1.0.jar:/Users/shammaaas/.m2/repository/org/assertj/assertj-core/3.13.2/assertj-core-3.13.2.jar:/Users/shammaaas/.m2/repository/org/hamcrest/hamcrest/2.1/hamcrest-2.1.jar:/Users/shammaaas/.m2/repository/org/mockito/mockito-core/3.1.0/mockito-core-3.1.0.jar:/Users/shammaaas/.m2/repository/net/bytebuddy/byte-buddy-agent/1.10.4/byte-buddy-agent-1.10.4.jar:/Users/shammaaas/.m2/repository/org/objenesis/objenesis/2.6/objenesis-2.6.jar:/Users/shammaaas/.m2/repository/org/skyscreamer/jsonassert/1.5.0/jsonassert-1.5.0.jar:/Users/shammaaas/.m2/repository/com/vaadin/external/google/android-json/0.0.20131108.vaadin1/android-json-0.0.20131108.vaadin1.jar:/Users/shammaaas/.m2/repository/org/springframework/spring-core/5.2.2.RELEASE/spring-core-5.2.2.RELEASE.jar:/Users/shammaaas/.m2/repository/org/springframework/spring-jcl/5.2.2.RELEASE/spring-jcl-5.2.2.RELEASE.jar:/Users/shammaaas/.m2/repository/org/springframework/spring-test/5.2.2.RELEASE/spring-test-5.2.2.RELEASE.jar:/Users/shammaaas/.m2/repository/org/xmlunit/xmlunit-core/2.6.3/xmlunit-core-2.6.3.jar:/Users/shammaaas/.m2/repository/com/h2database/h2/1.4.200/h2-1.4.200.jar:/Users/shammaaas/.m2/repository/org/mapstruct/mapstruct/1.4.2.Final/mapstruct-1.4.2.Final.jar:"/>
    <property name="java.vm.vendor" value="BellSoft"/>
    <property name="sun.arch.data.model" value="64"/>
    <property name="java.vendor.url" value="https://bell-sw.com/"/>
    <property name="os.name" value="Mac OS X"/>
    <property name="java.vm.specification.version" value="17"/>
    <property name="sun.java.launcher" value="SUN_STANDARD"/>
    <property name="user.country" value="SA"/>
    <property name="sun.boot.library.path" value="/Users/shammaaas/.sdkman/candidates/java/17.0.3.1-librca/lib"/>
    <property name="sun.java.command" value="/Users/shammaaas/Documents/java web dev/project 3/nd035-c3-data-stores-and-persistence-project-starter-master/starter/critter/target/surefire/surefirebooter11776094379245645109.jar /Users/shammaaas/Documents/java web dev/project 3/nd035-c3-data-stores-and-persistence-project-starter-master/starter/critter/target/surefire 2022-08-23T01-40-36_245-jvmRun1 surefire14688743482057143475tmp surefire_011864187255559347043tmp"/>
    <property name="http.nonProxyHosts" value="local|*.local|169.254/16|*.169.254/16"/>
    <property name="jdk.debug" value="release"/>
    <property name="surefire.test.class.path" value="/Users/shammaaas/Documents/java web dev/project 3/nd035-c3-data-stores-and-persistence-project-starter-master/starter/critter/target/test-classes:/Users/shammaaas/Documents/java web dev/project 3/nd035-c3-data-stores-and-persistence-project-starter-master/starter/critter/target/classes:/Users/shammaaas/.m2/repository/org/springframework/boot/spring-boot-starter-data-jdbc/2.2.2.RELEASE/spring-boot-starter-data-jdbc-2.2.2.RELEASE.jar:/Users/shammaaas/.m2/repository/org/springframework/boot/spring-boot-starter-jdbc/2.2.2.RELEASE/spring-boot-starter-jdbc-2.2.2.RELEASE.jar:/Users/shammaaas/.m2/repository/com/zaxxer/HikariCP/3.4.1/HikariCP-3.4.1.jar:/Users/shammaaas/.m2/repository/org/springframework/spring-jdbc/5.2.2.RELEASE/spring-jdbc-5.2.2.RELEASE.jar:/Users/shammaaas/.m2/repository/org/springframework/data/spring-data-jdbc/1.1.3.RELEASE/spring-data-jdbc-1.1.3.RELEASE.jar:/Users/shammaaas/.m2/repository/org/springframework/data/spring-data-relational/1.1.3.RELEASE/spring-data-relational-1.1.3.RELEASE.jar:/Users/shammaaas/.m2/repository/org/springframework/data/spring-data-commons/2.2.3.RELEASE/spring-data-commons-2.2.3.RELEASE.jar:/Users/shammaaas/.m2/repository/org/springframework/spring-tx/5.2.2.RELEASE/spring-tx-5.2.2.RELEASE.jar:/Users/shammaaas/.m2/repository/org/springframework/spring-context/5.2.2.RELEASE/spring-context-5.2.2.RELEASE.jar:/Users/shammaaas/.m2/repository/org/springframework/spring-beans/5.2.2.RELEASE/spring-beans-5.2.2.RELEASE.jar:/Users/shammaaas/.m2/repository/org/slf4j/slf4j-api/1.7.29/slf4j-api-1.7.29.jar:/Users/shammaaas/.m2/repository/org/springframework/boot/spring-boot-starter-data-jpa/2.2.2.RELEASE/spring-boot-starter-data-jpa-2.2.2.RELEASE.jar:/Users/shammaaas/.m2/repository/org/springframework/boot/spring-boot-starter-aop/2.2.2.RELEASE/spring-boot-starter-aop-2.2.2.RELEASE.jar:/Users/shammaaas/.m2/repository/org/springframework/spring-aop/5.2.2.RELEASE/spring-aop-5.2.2.RELEASE.jar:/Users/shammaaas/.m2/repository/org/aspectj/aspectjweaver/1.9.5/aspectjweaver-1.9.5.jar:/Users/shammaaas/.m2/repository/jakarta/activation/jakarta.activation-api/1.2.1/jakarta.activation-api-1.2.1.jar:/Users/shammaaas/.m2/repository/jakarta/persistence/jakarta.persistence-api/2.2.3/jakarta.persistence-api-2.2.3.jar:/Users/shammaaas/.m2/repository/jakarta/transaction/jakarta.transaction-api/1.3.3/jakarta.transaction-api-1.3.3.jar:/Users/shammaaas/.m2/repository/org/hibernate/hibernate-core/5.4.9.Final/hibernate-core-5.4.9.Final.jar:/Users/shammaaas/.m2/repository/org/jboss/logging/jboss-logging/3.4.1.Final/jboss-logging-3.4.1.Final.jar:/Users/shammaaas/.m2/repository/org/javassist/javassist/3.24.0-GA/javassist-3.24.0-GA.jar:/Users/shammaaas/.m2/repository/net/bytebuddy/byte-buddy/1.10.4/byte-buddy-1.10.4.jar:/Users/shammaaas/.m2/repository/antlr/antlr/2.7.7/antlr-2.7.7.jar:/Users/shammaaas/.m2/repository/org/jboss/jandex/2.1.1.Final/jandex-2.1.1.Final.jar:/Users/shammaaas/.m2/repository/com/fasterxml/classmate/1.5.1/classmate-1.5.1.jar:/Users/shammaaas/.m2/repository/org/dom4j/dom4j/2.1.1/dom4j-2.1.1.jar:/Users/shammaaas/.m2/repository/org/hibernate/common/hibernate-commons-annotations/5.1.0.Final/hibernate-commons-annotations-5.1.0.Final.jar:/Users/shammaaas/.m2/repository/org/glassfish/jaxb/jaxb-runtime/2.3.2/jaxb-runtime-2.3.2.jar:/Users/shammaaas/.m2/repository/org/glassfish/jaxb/txw2/2.3.2/txw2-2.3.2.jar:/Users/shammaaas/.m2/repository/com/sun/istack/istack-commons-runtime/3.0.8/istack-commons-runtime-3.0.8.jar:/Users/shammaaas/.m2/repository/org/jvnet/staxex/stax-ex/1.8.1/stax-ex-1.8.1.jar:/Users/shammaaas/.m2/repository/com/sun/xml/fastinfoset/FastInfoset/1.2.16/FastInfoset-1.2.16.jar:/Users/shammaaas/.m2/repository/org/springframework/data/spring-data-jpa/2.2.3.RELEASE/spring-data-jpa-2.2.3.RELEASE.jar:/Users/shammaaas/.m2/repository/org/springframework/spring-orm/5.2.2.RELEASE/spring-orm-5.2.2.RELEASE.jar:/Users/shammaaas/.m2/repository/org/springframework/spring-aspects/5.2.2.RELEASE/spring-aspects-5.2.2.RELEASE.jar:/Users/shammaaas/.m2/repository/org/modelmapper/extensions/modelmapper-spring/2.4.1/modelmapper-spring-2.4.1.jar:/Users/shammaaas/.m2/repository/org/modelmapper/modelmapper/2.4.1/modelmapper-2.4.1.jar:/Users/shammaaas/.m2/repository/org/springframework/boot/spring-boot-starter-web/2.2.2.RELEASE/spring-boot-starter-web-2.2.2.RELEASE.jar:/Users/shammaaas/.m2/repository/org/springframework/boot/spring-boot-starter/2.2.2.RELEASE/spring-boot-starter-2.2.2.RELEASE.jar:/Users/shammaaas/.m2/repository/org/springframework/boot/spring-boot/2.2.2.RELEASE/spring-boot-2.2.2.RELEASE.jar:/Users/shammaaas/.m2/repository/org/springframework/boot/spring-boot-autoconfigure/2.2.2.RELEASE/spring-boot-autoconfigure-2.2.2.RELEASE.jar:/Users/shammaaas/.m2/repository/org/springframework/boot/spring-boot-starter-logging/2.2.2.RELEASE/spring-boot-starter-logging-2.2.2.RELEASE.jar:/Users/shammaaas/.m2/repository/ch/qos/logback/logback-classic/1.2.3/logback-classic-1.2.3.jar:/Users/shammaaas/.m2/repository/ch/qos/logback/logback-core/1.2.3/logback-core-1.2.3.jar:/Users/shammaaas/.m2/repository/org/apache/logging/log4j/log4j-to-slf4j/2.12.1/log4j-to-slf4j-2.12.1.jar:/Users/shammaaas/.m2/repository/org/apache/logging/log4j/log4j-api/2.12.1/log4j-api-2.12.1.jar:/Users/shammaaas/.m2/repository/org/slf4j/jul-to-slf4j/1.7.29/jul-to-slf4j-1.7.29.jar:/Users/shammaaas/.m2/repository/jakarta/annotation/jakarta.annotation-api/1.3.5/jakarta.annotation-api-1.3.5.jar:/Users/shammaaas/.m2/repository/org/yaml/snakeyaml/1.25/snakeyaml-1.25.jar:/Users/shammaaas/.m2/repository/org/springframework/boot/spring-boot-starter-json/2.2.2.RELEASE/spring-boot-starter-json-2.2.2.RELEASE.jar:/Users/shammaaas/.m2/repository/com/fasterxml/jackson/core/jackson-databind/2.10.1/jackson-databind-2.10.1.jar:/Users/shammaaas/.m2/repository/com/fasterxml/jackson/core/jackson-annotations/2.10.1/jackson-annotations-2.10.1.jar:/Users/shammaaas/.m2/repository/com/fasterxml/jackson/core/jackson-core/2.10.1/jackson-core-2.10.1.jar:/Users/shammaaas/.m2/repository/com/fasterxml/jackson/datatype/jackson-datatype-jdk8/2.10.1/jackson-datatype-jdk8-2.10.1.jar:/Users/shammaaas/.m2/repository/com/fasterxml/jackson/datatype/jackson-datatype-jsr310/2.10.1/jackson-datatype-jsr310-2.10.1.jar:/Users/shammaaas/.m2/repository/com/fasterxml/jackson/module/jackson-module-parameter-names/2.10.1/jackson-module-parameter-names-2.10.1.jar:/Users/shammaaas/.m2/repository/org/springframework/boot/spring-boot-starter-tomcat/2.2.2.RELEASE/spring-boot-starter-tomcat-2.2.2.RELEASE.jar:/Users/shammaaas/.m2/repository/org/apache/tomcat/embed/tomcat-embed-core/9.0.29/tomcat-embed-core-9.0.29.jar:/Users/shammaaas/.m2/repository/org/apache/tomcat/embed/tomcat-embed-el/9.0.29/tomcat-embed-el-9.0.29.jar:/Users/shammaaas/.m2/repository/org/apache/tomcat/embed/tomcat-embed-websocket/9.0.29/tomcat-embed-websocket-9.0.29.jar:/Users/shammaaas/.m2/repository/org/springframework/boot/spring-boot-starter-validation/2.2.2.RELEASE/spring-boot-starter-validation-2.2.2.RELEASE.jar:/Users/shammaaas/.m2/repository/jakarta/validation/jakarta.validation-api/2.0.1/jakarta.validation-api-2.0.1.jar:/Users/shammaaas/.m2/repository/org/hibernate/validator/hibernate-validator/6.0.18.Final/hibernate-validator-6.0.18.Final.jar:/Users/shammaaas/.m2/repository/org/springframework/spring-web/5.2.2.RELEASE/spring-web-5.2.2.RELEASE.jar:/Users/shammaaas/.m2/repository/org/springframework/spring-webmvc/5.2.2.RELEASE/spring-webmvc-5.2.2.RELEASE.jar:/Users/shammaaas/.m2/repository/org/springframework/spring-expression/5.2.2.RELEASE/spring-expression-5.2.2.RELEASE.jar:/Users/shammaaas/.m2/repository/org/projectlombok/lombok/1.18.20/lombok-1.18.20.jar:/Users/shammaaas/.m2/repository/mysql/mysql-connector-java/8.0.23/mysql-connector-java-8.0.23.jar:/Users/shammaaas/.m2/repository/com/google/guava/guava/28.1-jre/guava-28.1-jre.jar:/Users/shammaaas/.m2/repository/com/google/guava/failureaccess/1.0.1/failureaccess-1.0.1.jar:/Users/shammaaas/.m2/repository/com/google/guava/listenablefuture/9999.0-empty-to-avoid-conflict-with-guava/listenablefuture-9999.0-empty-to-avoid-conflict-with-guava.jar:/Users/shammaaas/.m2/repository/com/google/code/findbugs/jsr305/3.0.2/jsr305-3.0.2.jar:/Users/shammaaas/.m2/repository/org/checkerframework/checker-qual/2.8.1/checker-qual-2.8.1.jar:/Users/shammaaas/.m2/repository/com/google/errorprone/error_prone_annotations/2.3.2/error_prone_annotations-2.3.2.jar:/Users/shammaaas/.m2/repository/com/google/j2objc/j2objc-annotations/1.3/j2objc-annotations-1.3.jar:/Users/shammaaas/.m2/repository/org/codehaus/mojo/animal-sniffer-annotations/1.18/animal-sniffer-annotations-1.18.jar:/Users/shammaaas/.m2/repository/org/springframework/boot/spring-boot-starter-test/2.2.2.RELEASE/spring-boot-starter-test-2.2.2.RELEASE.jar:/Users/shammaaas/.m2/repository/org/springframework/boot/spring-boot-test/2.2.2.RELEASE/spring-boot-test-2.2.2.RELEASE.jar:/Users/shammaaas/.m2/repository/org/springframework/boot/spring-boot-test-autoconfigure/2.2.2.RELEASE/spring-boot-test-autoconfigure-2.2.2.RELEASE.jar:/Users/shammaaas/.m2/repository/com/jayway/jsonpath/json-path/2.4.0/json-path-2.4.0.jar:/Users/shammaaas/.m2/repository/net/minidev/json-smart/2.3/json-smart-2.3.jar:/Users/shammaaas/.m2/repository/net/minidev/accessors-smart/1.2/accessors-smart-1.2.jar:/Users/shammaaas/.m2/repository/org/ow2/asm/asm/5.0.4/asm-5.0.4.jar:/Users/shammaaas/.m2/repository/jakarta/xml/bind/jakarta.xml.bind-api/2.3.2/jakarta.xml.bind-api-2.3.2.jar:/Users/shammaaas/.m2/repository/org/junit/jupiter/junit-jupiter/5.5.2/junit-jupiter-5.5.2.jar:/Users/shammaaas/.m2/repository/org/junit/jupiter/junit-jupiter-api/5.5.2/junit-jupiter-api-5.5.2.jar:/Users/shammaaas/.m2/repository/org/opentest4j/opentest4j/1.2.0/opentest4j-1.2.0.jar:/Users/shammaaas/.m2/repository/org/junit/platform/junit-platform-commons/1.5.2/junit-platform-commons-1.5.2.jar:/Users/shammaaas/.m2/repository/org/junit/jupiter/junit-jupiter-params/5.5.2/junit-jupiter-params-5.5.2.jar:/Users/shammaaas/.m2/repository/org/junit/jupiter/junit-jupiter-engine/5.5.2/junit-jupiter-engine-5.5.2.jar:/Users/shammaaas/.m2/repository/org/junit/vintage/junit-vintage-engine/5.5.2/junit-vintage-engine-5.5.2.jar:/Users/shammaaas/.m2/repository/org/apiguardian/apiguardian-api/1.1.0/apiguardian-api-1.1.0.jar:/Users/shammaaas/.m2/repository/org/junit/platform/junit-platform-engine/1.5.2/junit-platform-engine-1.5.2.jar:/Users/shammaaas/.m2/repository/junit/junit/4.12/junit-4.12.jar:/Users/shammaaas/.m2/repository/org/mockito/mockito-junit-jupiter/3.1.0/mockito-junit-jupiter-3.1.0.jar:/Users/shammaaas/.m2/repository/org/assertj/assertj-core/3.13.2/assertj-core-3.13.2.jar:/Users/shammaaas/.m2/repository/org/hamcrest/hamcrest/2.1/hamcrest-2.1.jar:/Users/shammaaas/.m2/repository/org/mockito/mockito-core/3.1.0/mockito-core-3.1.0.jar:/Users/shammaaas/.m2/repository/net/bytebuddy/byte-buddy-agent/1.10.4/byte-buddy-agent-1.10.4.jar:/Users/shammaaas/.m2/repository/org/objenesis/objenesis/2.6/objenesis-2.6.jar:/Users/shammaaas/.m2/repository/org/skyscreamer/jsonassert/1.5.0/jsonassert-1.5.0.jar:/Users/shammaaas/.m2/repository/com/vaadin/external/google/android-json/0.0.20131108.vaadin1/android-json-0.0.20131108.vaadin1.jar:/Users/shammaaas/.m2/repository/org/springframework/spring-core/5.2.2.RELEASE/spring-core-5.2.2.RELEASE.jar:/Users/shammaaas/.m2/repository/org/springframework/spring-jcl/5.2.2.RELEASE/spring-jcl-5.2.2.RELEASE.jar:/Users/shammaaas/.m2/repository/org/springframework/spring-test/5.2.2.RELEASE/spring-test-5.2.2.RELEASE.jar:/Users/shammaaas/.m2/repository/org/xmlunit/xmlunit-core/2.6.3/xmlunit-core-2.6.3.jar:/Users/shammaaas/.m2/repository/com/h2database/h2/1.4.200/h2-1.4.200.jar:/Users/shammaaas/.m2/repository/org/mapstruct/mapstruct/1.4.2.Final/mapstruct-1.4.2.Final.jar:"/>
    <property name="sun.cpu.endian" value="little"/>
    <property name="user.home" value="/Users/shammaaas"/>
    <property name="user.language" value="en"/>
    <property name="java.specification.vendor" value="Oracle Corporation"/>
    <property name="java.version.date" value="2022-04-22"/>
    <property name="java.home" value="/Users/shammaaas/.sdkman/candidates/java/17.0.3.1-librca"/>
    <property name="file.separator" value="/"/>
    <property name="basedir" value="/Users/shammaaas/Documents/java web dev/project 3/nd035-c3-data-stores-and-persistence-project-starter-master/starter/critter"/>
    <property name="java.vm.compressedOopsMode" value="Zero based"/>
    <property name="line.separator" value="&#10;"/>
    <property name="java.specification.name" value="Java Platform API Specification"/>
    <property name="java.vm.specification.vendor" value="Oracle Corporation"/>
    <property name="surefire.real.class.path" value="/Users/shammaaas/Documents/java web dev/project 3/nd035-c3-data-stores-and-persistence-project-starter-master/starter/critter/target/surefire/surefirebooter11776094379245645109.jar"/>
    <property name="sun.management.compiler" value="HotSpot 64-Bit Tiered Compilers"/>
    <property name="ftp.nonProxyHosts" value="local|*.local|169.254/16|*.169.254/16"/>
    <property name="java.runtime.version" value="17.0.3.1+2-LTS"/>
    <property name="user.name" value="shammaaas"/>
    <property name="path.separator" value=":"/>
    <property name="os.version" value="12.5"/>
    <property name="java.runtime.name" value="OpenJDK Runtime Environment"/>
    <property name="file.encoding" value="UTF-8"/>
    <property name="java.vm.name" value="OpenJDK 64-Bit Server VM"/>
    <property name="localRepository" value="/Users/shammaaas/.m2/repository"/>
    <property name="java.vendor.url.bug" value="https://bell-sw.com/support"/>
    <property name="java.io.tmpdir" value="/var/folders/ts/8cq6z5r14pn0qflqcrz3z0n80000gn/T/"/>
    <property name="idea.version" value="2022.1.2"/>
    <property name="java.version" value="17.0.3.1"/>
    <property name="user.dir" value="/Users/shammaaas/Documents/java web dev/project 3/nd035-c3-data-stores-and-persistence-project-starter-master/starter/critter"/>
    <property name="os.arch" value="x86_64"/>
    <property name="java.vm.specification.name" value="Java Virtual Machine Specification"/>
    <property name="native.encoding" value="UTF-8"/>
    <property name="java.library.path" value="/Users/shammaaas/Library/Java/Extensions:/Library/Java/Extensions:/Network/Library/Java/Extensions:/System/Library/Java/Extensions:/usr/lib/java:."/>
    <property name="java.vm.info" value="mixed mode, sharing"/>
    <property name="java.vendor" value="BellSoft"/>
    <property name="java.vm.version" value="17.0.3.1+2-LTS"/>
    <property name="sun.io.unicode.encoding" value="UnicodeBig"/>
    <property name="socksNonProxyHosts" value="local|*.local|169.254/16|*.169.254/16"/>
    <property name="java.class.version" value="61.0"/>
  </properties>
  <testcase name="testFindOwnerByPet" classname="com.udacity.jdnd.course3.critter.CritterFunctionalTest" time="0.176">
    <error message="Cannot invoke &quot;java.util.List.get(int)&quot; because the return value of &quot;com.udacity.jdnd.course3.critter.dto.CustomerDTO.getPetIds()&quot; is null" type="java.lang.NullPointerException">java.lang.NullPointerException: Cannot invoke "java.util.List.get(int)" because the return value of "com.udacity.jdnd.course3.critter.dto.CustomerDTO.getPetIds()" is null
	at com.udacity.jdnd.course3.critter.CritterFunctionalTest.testFindOwnerByPet(CritterFunctionalTest.java:120)
</error>
    <system-out><![CDATA[01:40:36.985 [main] DEBUG org.springframework.test.context.BootstrapUtils - Instantiating CacheAwareContextLoaderDelegate from class [org.springframework.test.context.cache.DefaultCacheAwareContextLoaderDelegate]
01:40:37.000 [main] DEBUG org.springframework.test.context.BootstrapUtils - Instantiating BootstrapContext using constructor [public org.springframework.test.context.support.DefaultBootstrapContext(java.lang.Class,org.springframework.test.context.CacheAwareContextLoaderDelegate)]
01:40:37.025 [main] DEBUG org.springframework.test.context.BootstrapUtils - Instantiating TestContextBootstrapper for test class [com.udacity.jdnd.course3.critter.CritterFunctionalTest] from class [org.springframework.boot.test.context.SpringBootTestContextBootstrapper]
01:40:37.036 [main] INFO org.springframework.boot.test.context.SpringBootTestContextBootstrapper - Neither @ContextConfiguration nor @ContextHierarchy found for test class [com.udacity.jdnd.course3.critter.CritterFunctionalTest], using SpringBootContextLoader
01:40:37.040 [main] DEBUG org.springframework.test.context.support.AbstractContextLoader - Did not detect default resource location for test class [com.udacity.jdnd.course3.critter.CritterFunctionalTest]: class path resource [com/udacity/jdnd/course3/critter/CritterFunctionalTest-context.xml] does not exist
01:40:37.041 [main] DEBUG org.springframework.test.context.support.AbstractContextLoader - Did not detect default resource location for test class [com.udacity.jdnd.course3.critter.CritterFunctionalTest]: class path resource [com/udacity/jdnd/course3/critter/CritterFunctionalTestContext.groovy] does not exist
01:40:37.041 [main] INFO org.springframework.test.context.support.AbstractContextLoader - Could not detect default resource locations for test class [com.udacity.jdnd.course3.critter.CritterFunctionalTest]: no resource found for suffixes {-context.xml, Context.groovy}.
01:40:37.070 [main] DEBUG org.springframework.test.context.support.ActiveProfilesUtils - Could not find an 'annotation declaring class' for annotation type [org.springframework.test.context.ActiveProfiles] and class [com.udacity.jdnd.course3.critter.CritterFunctionalTest]
01:40:37.157 [main] DEBUG org.springframework.boot.test.context.SpringBootTestContextBootstrapper - @TestExecutionListeners is not present for class [com.udacity.jdnd.course3.critter.CritterFunctionalTest]: using defaults.
01:40:37.158 [main] INFO org.springframework.boot.test.context.SpringBootTestContextBootstrapper - Loaded default TestExecutionListener class names from location [META-INF/spring.factories]: [org.springframework.boot.test.mock.mockito.MockitoTestExecutionListener, org.springframework.boot.test.mock.mockito.ResetMocksTestExecutionListener, org.springframework.boot.test.autoconfigure.restdocs.RestDocsTestExecutionListener, org.springframework.boot.test.autoconfigure.web.client.MockRestServiceServerResetTestExecutionListener, org.springframework.boot.test.autoconfigure.web.servlet.MockMvcPrintOnlyOnFailureTestExecutionListener, org.springframework.boot.test.autoconfigure.web.servlet.WebDriverTestExecutionListener, org.springframework.test.context.web.ServletTestExecutionListener, org.springframework.test.context.support.DirtiesContextBeforeModesTestExecutionListener, org.springframework.test.context.support.DependencyInjectionTestExecutionListener, org.springframework.test.context.support.DirtiesContextTestExecutionListener, org.springframework.test.context.transaction.TransactionalTestExecutionListener, org.springframework.test.context.jdbc.SqlScriptsTestExecutionListener, org.springframework.test.context.event.EventPublishingTestExecutionListener]
01:40:37.172 [main] INFO org.springframework.boot.test.context.SpringBootTestContextBootstrapper - Using TestExecutionListeners: [org.springframework.test.context.web.ServletTestExecutionListener@295cf707, org.springframework.test.context.support.DirtiesContextBeforeModesTestExecutionListener@1130520d, org.springframework.boot.test.mock.mockito.MockitoTestExecutionListener@5f77d0f9, org.springframework.boot.test.autoconfigure.SpringBootDependencyInjectionTestExecutionListener@463fd068, org.springframework.test.context.support.DirtiesContextTestExecutionListener@895e367, org.springframework.test.context.transaction.TransactionalTestExecutionListener@1b266842, org.springframework.test.context.jdbc.SqlScriptsTestExecutionListener@7a3793c7, org.springframework.test.context.event.EventPublishingTestExecutionListener@42b3b079, org.springframework.boot.test.mock.mockito.ResetMocksTestExecutionListener@651aed93, org.springframework.boot.test.autoconfigure.restdocs.RestDocsTestExecutionListener@4dd6fd0a, org.springframework.boot.test.autoconfigure.web.client.MockRestServiceServerResetTestExecutionListener@bb9e6dc, org.springframework.boot.test.autoconfigure.web.servlet.MockMvcPrintOnlyOnFailureTestExecutionListener@5456afaa, org.springframework.boot.test.autoconfigure.web.servlet.WebDriverTestExecutionListener@6692b6c6]
01:40:37.175 [main] DEBUG org.springframework.test.context.support.AbstractDirtiesContextTestExecutionListener - Before test class: context [DefaultTestContext@2fba3fc4 testClass = CritterFunctionalTest, testInstance = [null], testMethod = [null], testException = [null], mergedContextConfiguration = [WebMergedContextConfiguration@4bf48f6 testClass = CritterFunctionalTest, locations = '{}', classes = '{class com.udacity.jdnd.course3.critter.CritterApplication, class com.udacity.jdnd.course3.critter.CritterApplication}', contextInitializerClasses = '[]', activeProfiles = '{}', propertySourceLocations = '{}', propertySourceProperties = '{org.springframework.boot.test.context.SpringBootTestContextBootstrapper=true}', contextCustomizers = set[org.springframework.boot.test.context.filter.ExcludeFilterContextCustomizer@79da8dc5, org.springframework.boot.test.json.DuplicateJsonObjectContextCustomizerFactory$DuplicateJsonObjectContextCustomizer@72cde7cc, org.springframework.boot.test.mock.mockito.MockitoContextCustomizer@0, org.springframework.boot.test.web.client.TestRestTemplateContextCustomizer@4e096385, org.springframework.boot.test.autoconfigure.properties.PropertyMappingContextCustomizer@0, org.springframework.boot.test.autoconfigure.web.servlet.WebDriverContextCustomizerFactory$Customizer@3059cbc], resourceBasePath = 'src/main/webapp', contextLoader = 'org.springframework.boot.test.context.SpringBootContextLoader', parent = [null]], attributes = map['org.springframework.test.context.web.ServletTestExecutionListener.activateListener' -> true]], class annotated with @DirtiesContext [false] with mode [null].
01:40:37.202 [main] DEBUG org.springframework.test.context.support.TestPropertySourceUtils - Adding inlined properties to environment: {spring.jmx.enabled=false, org.springframework.boot.test.context.SpringBootTestContextBootstrapper=true, server.port=-1}

  .   ____          _            __ _ _
 /\\ / ___'_ __ _ _(_)_ __  __ _ \ \ \ \
( ( )\___ | '_ | '_| | '_ \/ _` | \ \ \ \
 \\/  ___)| |_)| | | | | || (_| |  ) ) ) )
  '  |____| .__|_| |_|_| |_\__, | / / / /
 =========|_|==============|___/=/_/_/_/
 :: Spring Boot ::        (v2.2.2.RELEASE)

2022-08-23 01:40:37.404  INFO 8636 --- [           main] c.u.j.c.critter.CritterFunctionalTest    : Starting CritterFunctionalTest on Shammaas-MacBook-Pro.local with PID 8636 (started by shammaaas in /Users/shammaaas/Documents/java web dev/project 3/nd035-c3-data-stores-and-persistence-project-starter-master/starter/critter)
2022-08-23 01:40:37.405  INFO 8636 --- [           main] c.u.j.c.critter.CritterFunctionalTest    : No active profile set, falling back to default profiles: default
2022-08-23 01:40:37.955  INFO 8636 --- [           main] .s.d.r.c.RepositoryConfigurationDelegate : Multiple Spring Data modules found, entering strict repository configuration mode!
2022-08-23 01:40:37.957  INFO 8636 --- [           main] .s.d.r.c.RepositoryConfigurationDelegate : Bootstrapping Spring Data JDBC repositories in DEFAULT mode.
2022-08-23 01:40:37.994  INFO 8636 --- [           main] .RepositoryConfigurationExtensionSupport : Spring Data JDBC - Could not safely identify store assignment for repository candidate interface com.udacity.jdnd.course3.critter.repository.CustomerRepository. If you want this repository to be a JDBC repository, consider annotating your entities with one of these annotations: org.springframework.data.relational.core.mapping.Table.
2022-08-23 01:40:37.995  INFO 8636 --- [           main] .RepositoryConfigurationExtensionSupport : Spring Data JDBC - Could not safely identify store assignment for repository candidate interface com.udacity.jdnd.course3.critter.repository.EmployeeRepository. If you want this repository to be a JDBC repository, consider annotating your entities with one of these annotations: org.springframework.data.relational.core.mapping.Table.
2022-08-23 01:40:37.997  INFO 8636 --- [           main] .RepositoryConfigurationExtensionSupport : Spring Data JDBC - Could not safely identify store assignment for repository candidate interface com.udacity.jdnd.course3.critter.repository.PetRepository. If you want this repository to be a JDBC repository, consider annotating your entities with one of these annotations: org.springframework.data.relational.core.mapping.Table.
2022-08-23 01:40:37.998  INFO 8636 --- [           main] .RepositoryConfigurationExtensionSupport : Spring Data JDBC - Could not safely identify store assignment for repository candidate interface com.udacity.jdnd.course3.critter.repository.ScheduleRepository. If you want this repository to be a JDBC repository, consider annotating your entities with one of these annotations: org.springframework.data.relational.core.mapping.Table.
2022-08-23 01:40:37.999  INFO 8636 --- [           main] .s.d.r.c.RepositoryConfigurationDelegate : Finished Spring Data repository scanning in 37ms. Found 0 JDBC repository interfaces.
2022-08-23 01:40:38.006  INFO 8636 --- [           main] .s.d.r.c.RepositoryConfigurationDelegate : Multiple Spring Data modules found, entering strict repository configuration mode!
2022-08-23 01:40:38.007  INFO 8636 --- [           main] .s.d.r.c.RepositoryConfigurationDelegate : Bootstrapping Spring Data JPA repositories in DEFAULT mode.
2022-08-23 01:40:38.042  INFO 8636 --- [           main] .s.d.r.c.RepositoryConfigurationDelegate : Finished Spring Data repository scanning in 32ms. Found 4 JPA repository interfaces.
2022-08-23 01:40:38.338  INFO 8636 --- [           main] trationDelegate$BeanPostProcessorChecker : Bean 'org.springframework.transaction.annotation.ProxyTransactionManagementConfiguration' of type [org.springframework.transaction.annotation.ProxyTransactionManagementConfiguration] is not eligible for getting processed by all BeanPostProcessors (for example: not eligible for auto-proxying)
2022-08-23 01:40:38.458  INFO 8636 --- [           main] com.zaxxer.hikari.HikariDataSource       : HikariPool-1 - Starting...
2022-08-23 01:40:38.615  INFO 8636 --- [           main] com.zaxxer.hikari.HikariDataSource       : HikariPool-1 - Start completed.
2022-08-23 01:40:38.666  INFO 8636 --- [           main] o.hibernate.jpa.internal.util.LogHelper  : HHH000204: Processing PersistenceUnitInfo [name: default]
2022-08-23 01:40:38.716  INFO 8636 --- [           main] org.hibernate.Version                    : HHH000412: Hibernate Core {5.4.9.Final}
2022-08-23 01:40:38.832  INFO 8636 --- [           main] o.hibernate.annotations.common.Version   : HCANN000001: Hibernate Commons Annotations {5.1.0.Final}
2022-08-23 01:40:38.932  INFO 8636 --- [           main] org.hibernate.dialect.Dialect            : HHH000400: Using dialect: org.hibernate.dialect.H2Dialect
2022-08-23 01:40:39.516  INFO 8636 --- [           main] o.h.e.t.j.p.i.JtaPlatformInitiator       : HHH000490: Using JtaPlatform implementation: [org.hibernate.engine.transaction.jta.platform.internal.NoJtaPlatform]
2022-08-23 01:40:39.521  INFO 8636 --- [           main] j.LocalContainerEntityManagerFactoryBean : Initialized JPA EntityManagerFactory for persistence unit 'default'
2022-08-23 01:40:40.195  WARN 8636 --- [           main] JpaBaseConfiguration$JpaWebConfiguration : spring.jpa.open-in-view is enabled by default. Therefore, database queries may be performed during view rendering. Explicitly configure spring.jpa.open-in-view to disable this warning
2022-08-23 01:40:40.368  INFO 8636 --- [           main] o.s.s.concurrent.ThreadPoolTaskExecutor  : Initializing ExecutorService 'applicationTaskExecutor'
2022-08-23 01:40:40.676  INFO 8636 --- [           main] o.s.b.a.h2.H2ConsoleAutoConfiguration    : H2 console available at '/h2-console'. Database available at 'jdbc:h2:mem:testdb'
2022-08-23 01:40:40.724  INFO 8636 --- [           main] c.u.j.c.critter.CritterFunctionalTest    : Started CritterFunctionalTest in 3.516 seconds (JVM running for 4.262)
2022-08-23 01:40:40.753  INFO 8636 --- [           main] o.s.t.c.transaction.TransactionContext   : Began transaction (1) for test context [DefaultTestContext@2fba3fc4 testClass = CritterFunctionalTest, testInstance = com.udacity.jdnd.course3.critter.CritterFunctionalTest@7730da00, testMethod = testFindOwnerByPet@CritterFunctionalTest, testException = [null], mergedContextConfiguration = [WebMergedContextConfiguration@4bf48f6 testClass = CritterFunctionalTest, locations = '{}', classes = '{class com.udacity.jdnd.course3.critter.CritterApplication, class com.udacity.jdnd.course3.critter.CritterApplication}', contextInitializerClasses = '[]', activeProfiles = '{}', propertySourceLocations = '{}', propertySourceProperties = '{org.springframework.boot.test.context.SpringBootTestContextBootstrapper=true}', contextCustomizers = set[org.springframework.boot.test.context.filter.ExcludeFilterContextCustomizer@79da8dc5, org.springframework.boot.test.json.DuplicateJsonObjectContextCustomizerFactory$DuplicateJsonObjectContextCustomizer@72cde7cc, org.springframework.boot.test.mock.mockito.MockitoContextCustomizer@0, org.springframework.boot.test.web.client.TestRestTemplateContextCustomizer@4e096385, org.springframework.boot.test.autoconfigure.properties.PropertyMappingContextCustomizer@0, org.springframework.boot.test.autoconfigure.web.servlet.WebDriverContextCustomizerFactory$Customizer@3059cbc], resourceBasePath = 'src/main/webapp', contextLoader = 'org.springframework.boot.test.context.SpringBootContextLoader', parent = [null]], attributes = map['org.springframework.test.context.web.ServletTestExecutionListener.activateListener' -> true, 'org.springframework.test.context.web.ServletTestExecutionListener.populatedRequestContextHolder' -> true, 'org.springframework.test.context.web.ServletTestExecutionListener.resetRequestContextHolder' -> true]]; transaction manager [org.springframework.orm.jpa.JpaTransactionManager@57bfca3a]; rollback [true]
2022-08-23 01:40:40.910  INFO 8636 --- [           main] o.s.t.c.transaction.TransactionContext   : Rolled back transaction for test: [DefaultTestContext@2fba3fc4 testClass = CritterFunctionalTest, testInstance = com.udacity.jdnd.course3.critter.CritterFunctionalTest@7730da00, testMethod = testFindOwnerByPet@CritterFunctionalTest, testException = java.lang.NullPointerException: Cannot invoke "java.util.List.get(int)" because the return value of "com.udacity.jdnd.course3.critter.dto.CustomerDTO.getPetIds()" is null, mergedContextConfiguration = [WebMergedContextConfiguration@4bf48f6 testClass = CritterFunctionalTest, locations = '{}', classes = '{class com.udacity.jdnd.course3.critter.CritterApplication, class com.udacity.jdnd.course3.critter.CritterApplication}', contextInitializerClasses = '[]', activeProfiles = '{}', propertySourceLocations = '{}', propertySourceProperties = '{org.springframework.boot.test.context.SpringBootTestContextBootstrapper=true}', contextCustomizers = set[org.springframework.boot.test.context.filter.ExcludeFilterContextCustomizer@79da8dc5, org.springframework.boot.test.json.DuplicateJsonObjectContextCustomizerFactory$DuplicateJsonObjectContextCustomizer@72cde7cc, org.springframework.boot.test.mock.mockito.MockitoContextCustomizer@0, org.springframework.boot.test.web.client.TestRestTemplateContextCustomizer@4e096385, org.springframework.boot.test.autoconfigure.properties.PropertyMappingContextCustomizer@0, org.springframework.boot.test.autoconfigure.web.servlet.WebDriverContextCustomizerFactory$Customizer@3059cbc], resourceBasePath = 'src/main/webapp', contextLoader = 'org.springframework.boot.test.context.SpringBootContextLoader', parent = [null]], attributes = map['org.springframework.test.context.web.ServletTestExecutionListener.activateListener' -> true, 'org.springframework.test.context.web.ServletTestExecutionListener.populatedRequestContextHolder' -> true, 'org.springframework.test.context.web.ServletTestExecutionListener.resetRequestContextHolder' -> true]]
]]></system-out>
  </testcase>
  <testcase name="testFindEmployeesByServiceAndTime" classname="com.udacity.jdnd.course3.critter.CritterFunctionalTest" time="0.044"/>
  <testcase name="testAddPetsToCustomer" classname="com.udacity.jdnd.course3.critter.CritterFunctionalTest" time="0.014">
    <failure message="expected: &lt;true&gt; but was: &lt;false&gt;" type="org.opentest4j.AssertionFailedError"><![CDATA[org.opentest4j.AssertionFailedError: expected: <true> but was: <false>
	at com.udacity.jdnd.course3.critter.CritterFunctionalTest.testAddPetsToCustomer(CritterFunctionalTest.java:87)
]]></failure>
    <system-out><![CDATA[2022-08-23 01:40:40.960  INFO 8636 --- [           main] o.s.t.c.transaction.TransactionContext   : Began transaction (1) for test context [DefaultTestContext@2fba3fc4 testClass = CritterFunctionalTest, testInstance = com.udacity.jdnd.course3.critter.CritterFunctionalTest@3889c343, testMethod = testAddPetsToCustomer@CritterFunctionalTest, testException = [null], mergedContextConfiguration = [WebMergedContextConfiguration@4bf48f6 testClass = CritterFunctionalTest, locations = '{}', classes = '{class com.udacity.jdnd.course3.critter.CritterApplication, class com.udacity.jdnd.course3.critter.CritterApplication}', contextInitializerClasses = '[]', activeProfiles = '{}', propertySourceLocations = '{}', propertySourceProperties = '{org.springframework.boot.test.context.SpringBootTestContextBootstrapper=true}', contextCustomizers = set[org.springframework.boot.test.context.filter.ExcludeFilterContextCustomizer@79da8dc5, org.springframework.boot.test.json.DuplicateJsonObjectContextCustomizerFactory$DuplicateJsonObjectContextCustomizer@72cde7cc, org.springframework.boot.test.mock.mockito.MockitoContextCustomizer@0, org.springframework.boot.test.web.client.TestRestTemplateContextCustomizer@4e096385, org.springframework.boot.test.autoconfigure.properties.PropertyMappingContextCustomizer@0, org.springframework.boot.test.autoconfigure.web.servlet.WebDriverContextCustomizerFactory$Customizer@3059cbc], resourceBasePath = 'src/main/webapp', contextLoader = 'org.springframework.boot.test.context.SpringBootContextLoader', parent = [null]], attributes = map['org.springframework.test.context.web.ServletTestExecutionListener.activateListener' -> true, 'org.springframework.test.context.web.ServletTestExecutionListener.populatedRequestContextHolder' -> true, 'org.springframework.test.context.web.ServletTestExecutionListener.resetRequestContextHolder' -> true]]; transaction manager [org.springframework.orm.jpa.JpaTransactionManager@57bfca3a]; rollback [true]
2022-08-23 01:40:40.972  INFO 8636 --- [           main] o.s.t.c.transaction.TransactionContext   : Rolled back transaction for test: [DefaultTestContext@2fba3fc4 testClass = CritterFunctionalTest, testInstance = com.udacity.jdnd.course3.critter.CritterFunctionalTest@3889c343, testMethod = testAddPetsToCustomer@CritterFunctionalTest, testException = org.opentest4j.AssertionFailedError: expected: <true> but was: <false>, mergedContextConfiguration = [WebMergedContextConfiguration@4bf48f6 testClass = CritterFunctionalTest, locations = '{}', classes = '{class com.udacity.jdnd.course3.critter.CritterApplication, class com.udacity.jdnd.course3.critter.CritterApplication}', contextInitializerClasses = '[]', activeProfiles = '{}', propertySourceLocations = '{}', propertySourceProperties = '{org.springframework.boot.test.context.SpringBootTestContextBootstrapper=true}', contextCustomizers = set[org.springframework.boot.test.context.filter.ExcludeFilterContextCustomizer@79da8dc5, org.springframework.boot.test.json.DuplicateJsonObjectContextCustomizerFactory$DuplicateJsonObjectContextCustomizer@72cde7cc, org.springframework.boot.test.mock.mockito.MockitoContextCustomizer@0, org.springframework.boot.test.web.client.TestRestTemplateContextCustomizer@4e096385, org.springframework.boot.test.autoconfigure.properties.PropertyMappingContextCustomizer@0, org.springframework.boot.test.autoconfigure.web.servlet.WebDriverContextCustomizerFactory$Customizer@3059cbc], resourceBasePath = 'src/main/webapp', contextLoader = 'org.springframework.boot.test.context.SpringBootContextLoader', parent = [null]], attributes = map['org.springframework.test.context.web.ServletTestExecutionListener.activateListener' -> true, 'org.springframework.test.context.web.ServletTestExecutionListener.populatedRequestContextHolder' -> true, 'org.springframework.test.context.web.ServletTestExecutionListener.resetRequestContextHolder' -> true]]
]]></system-out>
  </testcase>
  <testcase name="testCreateCustomer" classname="com.udacity.jdnd.course3.critter.CritterFunctionalTest" time="0.006"/>
  <testcase name="testSchedulePetsForServiceWithEmployee" classname="com.udacity.jdnd.course3.critter.CritterFunctionalTest" time="0.028"/>
  <testcase name="testFindPetsByOwner" classname="com.udacity.jdnd.course3.critter.CritterFunctionalTest" time="0.01"/>
  <testcase name="testCreateEmployee" classname="com.udacity.jdnd.course3.critter.CritterFunctionalTest" time="0.007"/>
  <testcase name="testChangeEmployeeAvailability" classname="com.udacity.jdnd.course3.critter.CritterFunctionalTest" time="0.007"/>
  <testcase name="testFindScheduleByEntities" classname="com.udacity.jdnd.course3.critter.CritterFunctionalTest" time="0.032"/>
</testsuite>